Line 49: Class MSComDlg.CommonDialog of control EstCMDS was not a loaded control class.
Line 56: Class MSComDlg.CommonDialog of control EstCMD was not a loaded control class.
Line 154: Class MSFlexGridLib.MSFlexGrid of control Grilla1 was not a loaded control class.
Line 167: Class MSFlexGridLib.MSFlexGrid of control Grilla2 was not a loaded control class.
Line 52: The property name _ExtentX in EstCMDS is invalid.
Line 53: The property name _ExtentY in EstCMDS is invalid.
Line 54: The property name _Version in EstCMDS is invalid.
Line 59: The property name _ExtentX in EstCMD is invalid.
Line 60: The property name _ExtentY in EstCMD is invalid.
Line 61: The property name _Version in EstCMD is invalid.
Line 160: The property name _ExtentX in Grilla1 is invalid.
Line 161: The property name _ExtentY in Grilla1 is invalid.
Line 162: The property name _Version in Grilla1 is invalid.
Line 163: The property name ScrollBars in Grilla1 is invalid.
Line 164: The property name SelectionMode in Grilla1 is invalid.
Line 165: The property name AllowUserResizing in Grilla1 is invalid.
Line 173: The property name _ExtentX in Grilla2 is invalid.
Line 174: The property name _ExtentY in Grilla2 is invalid.
Line 175: The property name _Version in Grilla2 is invalid.
Line 176: The property name ScrollBars in Grilla2 is invalid.
Line 177: The property name SelectionMode in Grilla2 is invalid.
Line 178: The property name AllowUserResizing in Grilla2 is invalid.
